0 info it worked if it ends with ok
1 verbose cli [ '/usr/local/bin/node', '/usr/local/bin/npm', 'run', 'lint' ]
2 info using npm@3.10.10
3 info using node@v6.11.3
4 verbose run-script [ 'prelint', 'lint', 'postlint' ]
5 info lifecycle d-ui@0.0.1~prelint: d-ui@0.0.1
6 silly lifecycle d-ui@0.0.1~prelint: no script for prelint, continuing
7 info lifecycle d-ui@0.0.1~lint: d-ui@0.0.1
8 verbose lifecycle d-ui@0.0.1~lint: unsafe-perm in lifecycle true
9 verbose lifecycle d-ui@0.0.1~lint: PATH: /usr/local/lib/node_modules/npm/bin/node-gyp-bin:/Users/liucong/Projects/d-ui/node_modules/.bin:/usr/local/bin:/usr/bin:/bin:/usr/sbin:/sbin:/Users/liucong/.rvm/bin:/Users/liucong/.rvm/bin
10 verbose lifecycle d-ui@0.0.1~lint: CWD: /Users/liucong/Projects/d-ui
11 silly lifecycle d-ui@0.0.1~lint: Args: [ '-c', 'eslint ./src/**' ]
12 silly lifecycle d-ui@0.0.1~lint: Returned: code: 1  signal: null
13 info lifecycle d-ui@0.0.1~lint: Failed to exec lint script
14 verbose stack Error: d-ui@0.0.1 lint: `eslint ./src/**`
14 verbose stack Exit status 1
14 verbose stack     at EventEmitter.<anonymous> (/usr/local/lib/node_modules/npm/lib/utils/lifecycle.js:255:16)
14 verbose stack     at emitTwo (events.js:106:13)
14 verbose stack     at EventEmitter.emit (events.js:191:7)
14 verbose stack     at ChildProcess.<anonymous> (/usr/local/lib/node_modules/npm/lib/utils/spawn.js:40:14)
14 verbose stack     at emitTwo (events.js:106:13)
14 verbose stack     at ChildProcess.emit (events.js:191:7)
14 verbose stack     at maybeClose (internal/child_process.js:920:16)
14 verbose stack     at Process.ChildProcess._handle.onexit (internal/child_process.js:230:5)
15 verbose pkgid d-ui@0.0.1
16 verbose cwd /Users/liucong/Projects/d-ui
17 error Darwin 16.7.0
18 error argv "/usr/local/bin/node" "/usr/local/bin/npm" "run" "lint"
19 error node v6.11.3
20 error npm  v3.10.10
21 error code ELIFECYCLE
22 error d-ui@0.0.1 lint: `eslint ./src/**`
22 error Exit status 1
23 error Failed at the d-ui@0.0.1 lint script 'eslint ./src/**'.
23 error Make sure you have the latest version of node.js and npm installed.
23 error If you do, this is most likely a problem with the d-ui package,
23 error not with npm itself.
23 error Tell the author that this fails on your system:
23 error     eslint ./src/**
23 error You can get information on how to open an issue for this project with:
23 error     npm bugs d-ui
23 error Or if that isn't available, you can get their info via:
23 error     npm owner ls d-ui
23 error There is likely additional logging output above.
24 verbose exit [ 1, true ]
